<?xml version="1.0" encoding="UTF-8"?>
<!-- Generated by org.testng.reporters.JUnitReportReporter -->
<testsuite hostname="SUBBU" failures="0" tests="1" name="script.Demo1" time="8.447" errors="0" timestamp="2024-10-25T22:11:16 IST" skipped="0">
  <testcase classname="script.Demo1" name="testA" time="8.447"/>
</testsuite> <!-- script.Demo1 -->
