<?xml version="1.0" encoding="UTF-8"?>
<!-- Generated by org.testng.reporters.JUnitReportReporter -->
<testsuite hostname="SUBBU" failures="0" tests="1" name="script.ValidLogin" time="11.900" errors="0" timestamp="2024-10-29T23:12:29 IST" skipped="0">
  <testcase classname="script.ValidLogin" name="testValidLogin" time="11.900">
    <system-out>
      <![CDATA[Home Page is Displayed]]>
    </system-out>
  </testcase> <!-- testValidLogin -->
  <system-out>
    <![CDATA[Home Page is Displayed]]>
  </system-out>
</testsuite> <!-- script.ValidLogin -->
